Reading netlist file: "E:\git\tangnano9k_brushless_driver\sample\tangnano9k_brushless\impl\gwsynthesis\tangnano9k_brushless.vg"
Parsing netlist file "E:\git\tangnano9k_brushless_driver\sample\tangnano9k_brushless\impl\gwsynthesis\tangnano9k_brushless.vg" completed
Processing netlist completed
Reading constraint file: "E:\git\tangnano9k_brushless_driver\sample\tangnano9k_brushless\src\top.cst"
Physical Constraint parsed completed
Running placement......
[10%] Placement Phase 0 completed
[20%] Placement Phase 1 completed
[30%] Placement Phase 2 completed
[50%] Placement Phase 3 completed
Running routing......
[60%] Routing Phase 0 completed
[70%] Routing Phase 1 completed
[80%] Routing Phase 2 completed
[90%] Routing Phase 3 completed
Running timing analysis......
[95%] Timing analysis completed
Placement and routing completed
Bitstream generation in progress......
Bitstream generation completed
Running power analysis......
[100%] Power analysis completed
Generate file "E:\git\tangnano9k_brushless_driver\sample\tangnano9k_brushless\impl\pnr\tangnano9k_brushless.power.html" completed
Generate file "E:\git\tangnano9k_brushless_driver\sample\tangnano9k_brushless\impl\pnr\tangnano9k_brushless.pin.html" completed
Generate file "E:\git\tangnano9k_brushless_driver\sample\tangnano9k_brushless\impl\pnr\tangnano9k_brushless.rpt.html" completed
Generate file "E:\git\tangnano9k_brushless_driver\sample\tangnano9k_brushless\impl\pnr\tangnano9k_brushless.rpt.txt" completed
Generate file "E:\git\tangnano9k_brushless_driver\sample\tangnano9k_brushless\impl\pnr\tangnano9k_brushless.tr.html" completed
Wed Sep 27 20:33:29 2023

